<?xml version="1.0" encoding="UTF-8"?>
<testng-results ignored="0" total="3" passed="3" failed="0" skipped="0">
  <reporter-output>
  </reporter-output>
  <suite started-at="2023-06-24T22:29:18 EDT" name="Default suite" finished-at="2023-06-24T22:29:37 EDT" duration-ms="18271">
    <groups>
    </groups>
    <test started-at="2023-06-24T22:29:18 EDT" name="Default test" finished-at="2023-06-24T22:29:37 EDT" duration-ms="18271">
      <class name="com.tutorialsninja.qa.testcases.SearchProductTest">
        <test-method is-config="true" signature="setup()[pri:0, instance:com.tutorialsninja.qa.testcases.SearchProductTest@290222c1]" started-at="2023-06-24T22:29:18 EDT" name="setup" finished-at="2023-06-24T22:29:25 EDT" duration-ms="6154" status="PASS">
          <reporter-output>
          </reporter-output>
        </test-method> <!-- setup -->
        <test-method signature="searchWithValidProduct()[pri:1, instance:com.tutorialsninja.qa.testcases.SearchProductTest@290222c1]" started-at="2023-06-24T22:29:25 EDT" name="searchWithValidProduct" finished-at="2023-06-24T22:29:25 EDT" duration-ms="902" status="PASS">
          <reporter-output>
          </reporter-output>
        </test-method> <!-- searchWithValidProduct -->
        <test-method is-config="true" signature="tearDown()[pri:0, instance:com.tutorialsninja.qa.testcases.SearchProductTest@290222c1]" started-at="2023-06-24T22:29:25 EDT" name="tearDown" finished-at="2023-06-24T22:29:26 EDT" duration-ms="120" status="PASS">
          <reporter-output>
          </reporter-output>
        </test-method> <!-- tearDown -->
        <test-method is-config="true" signature="setup()[pri:0, instance:com.tutorialsninja.qa.testcases.SearchProductTest@290222c1]" started-at="2023-06-24T22:29:26 EDT" name="setup" finished-at="2023-06-24T22:29:31 EDT" duration-ms="5065" status="PASS">
          <reporter-output>
          </reporter-output>
        </test-method> <!-- setup -->
        <test-method signature="searchWithInvalidProduct()[pri:2, instance:com.tutorialsninja.qa.testcases.SearchProductTest@290222c1]" started-at="2023-06-24T22:29:31 EDT" name="searchWithInvalidProduct" finished-at="2023-06-24T22:29:31 EDT" duration-ms="505" status="PASS">
          <reporter-output>
          </reporter-output>
        </test-method> <!-- searchWithInvalidProduct -->
        <test-method is-config="true" signature="tearDown()[pri:0, instance:com.tutorialsninja.qa.testcases.SearchProductTest@290222c1]" started-at="2023-06-24T22:29:31 EDT" name="tearDown" finished-at="2023-06-24T22:29:31 EDT" duration-ms="117" status="PASS">
          <reporter-output>
          </reporter-output>
        </test-method> <!-- tearDown -->
        <test-method is-config="true" signature="setup()[pri:0, instance:com.tutorialsninja.qa.testcases.SearchProductTest@290222c1]" started-at="2023-06-24T22:29:31 EDT" name="setup" finished-at="2023-06-24T22:29:36 EDT" duration-ms="4858" status="PASS">
          <reporter-output>
          </reporter-output>
        </test-method> <!-- setup -->
        <test-method signature="searchWithNoProduct()[pri:3, instance:com.tutorialsninja.qa.testcases.SearchProductTest@290222c1]" started-at="2023-06-24T22:29:36 EDT" name="searchWithNoProduct" finished-at="2023-06-24T22:29:37 EDT" duration-ms="411" status="PASS">
          <reporter-output>
          </reporter-output>
        </test-method> <!-- searchWithNoProduct -->
        <test-method is-config="true" signature="tearDown()[pri:0, instance:com.tutorialsninja.qa.testcases.SearchProductTest@290222c1]" started-at="2023-06-24T22:29:37 EDT" name="tearDown" finished-at="2023-06-24T22:29:37 EDT" duration-ms="122" status="PASS">
          <reporter-output>
          </reporter-output>
        </test-method> <!-- tearDown -->
      </class> <!-- com.tutorialsninja.qa.testcases.SearchProductTest -->
    </test> <!-- Default test -->
  </suite> <!-- Default suite -->
</testng-results>
